<?xml version="1.0" encoding="UTF-8"?>
<testng-results ignored="0" total="3" passed="3" failed="0" skipped="0">
  <reporter-output>
  </reporter-output>
  <suite started-at="2024-07-25T21:32:11 PDT" name="Default suite" finished-at="2024-07-25T21:32:11 PDT" duration-ms="58">
    <groups>
      <group name="Smoke">
        <method signature="Test1.test11()[pri:0, instance:TestNGPack.Test1@2b48a640]" name="test11" class="TestNGPack.Test1"/>
      </group> <!-- Smoke -->
    </groups>
    <test started-at="2024-07-25T21:32:11 PDT" name="Default test" finished-at="2024-07-25T21:32:11 PDT" duration-ms="58">
      <class name="TestNGPack.Test1">
        <test-method signature="test11()[pri:0, instance:TestNGPack.Test1@2b48a640]" started-at="2024-07-25T21:32:11 PDT" name="test11" finished-at="2024-07-25T21:32:11 PDT" duration-ms="14" status="PASS">
          <reporter-output>
          </reporter-output>
        </test-method> <!-- test11 -->
        <test-method signature="test12()[pri:0, instance:TestNGPack.Test1@2b48a640]" started-at="2024-07-25T21:32:11 PDT" name="test12" finished-at="2024-07-25T21:32:11 PDT" duration-ms="1" status="PASS">
          <reporter-output>
          </reporter-output>
        </test-method> <!-- test12 -->
        <test-method signature="test13()[pri:0, instance:TestNGPack.Test1@2b48a640]" started-at="2024-07-25T21:32:11 PDT" name="test13" finished-at="2024-07-25T21:32:11 PDT" duration-ms="4" status="PASS">
          <reporter-output>
          </reporter-output>
        </test-method> <!-- test13 -->
      </class> <!-- TestNGPack.Test1 -->
    </test> <!-- Default test -->
  </suite> <!-- Default suite -->
</testng-results>
