<?xml version="1.0" encoding="UTF-8"?>
<!-- Generated by org.testng.reporters.JUnitXMLReporter -->
<testsuite ignored="0" hostname="sheezas-MacBook-Air.local" failures="0" tests="3" name="Default test" time="0.058" errors="0" timestamp="2024-07-25T21:32:11 PDT">
  <testcase classname="TestNGPack.Test1" name="test11" time="0.014"/>
  <testcase classname="TestNGPack.Test1" name="test12" time="0.001"/>
  <testcase classname="TestNGPack.Test1" name="test13" time="0.004"/>
</testsuite> <!-- Default test -->
